<?xml version="1.0" encoding="UTF-8"?>
<!-- Generated by org.testng.reporters.JUnitXMLReporter -->
<testsuite ignored="0" hostname="SeShi" failures="0" tests="4" name="Default test" time="7.719" errors="0" timestamp="2024-04-01T00:23:17 EDT">
  <testcase classname="com.qa.opencase.base.LoginPageTest" name="loginPageTitleTest" time="2.725"/>
  <testcase classname="com.qa.opencase.base.LoginPageTest" name="loginPageURLTest" time="0.012"/>
  <testcase classname="com.qa.opencase.base.LoginPageTest" name="forgotPwd" time="0.076"/>
  <testcase classname="com.qa.opencase.base.LoginPageTest" name="doLogin" time="1.271"/>
</testsuite> <!-- Default test -->
