<?xml version="1.0" encoding="UTF-8"?>
<testng-results ignored="0" total="4" passed="4" failed="0" skipped="0">
  <reporter-output>
  </reporter-output>
  <suite started-at="2024-04-01T00:23:09 EDT" name="Default suite" finished-at="2024-04-01T00:23:17 EDT" duration-ms="7719">
    <groups>
    </groups>
    <test started-at="2024-04-01T00:23:09 EDT" name="Default test" finished-at="2024-04-01T00:23:17 EDT" duration-ms="7719">
      <class name="com.qa.opencase.base.LoginPageTest">
        <test-method is-config="true" signature="setup()[pri:0, instance:com.qa.opencase.base.LoginPageTest@4cc8eb05]" started-at="2024-04-01T00:23:09 EDT" name="setup" finished-at="2024-04-01T00:23:13 EDT" duration-ms="3371" status="PASS">
          <reporter-output>
          </reporter-output>
        </test-method> <!-- setup -->
        <test-method signature="loginPageTitleTest()[pri:1, instance:com.qa.opencase.base.LoginPageTest@4cc8eb05]" started-at="2024-04-01T00:23:13 EDT" name="loginPageTitleTest" finished-at="2024-04-01T00:23:15 EDT" duration-ms="2725" status="PASS">
          <reporter-output>
          </reporter-output>
        </test-method> <!-- loginPageTitleTest -->
        <test-method signature="loginPageURLTest()[pri:2, instance:com.qa.opencase.base.LoginPageTest@4cc8eb05]" started-at="2024-04-01T00:23:15 EDT" name="loginPageURLTest" finished-at="2024-04-01T00:23:15 EDT" duration-ms="12" status="PASS">
          <reporter-output>
          </reporter-output>
        </test-method> <!-- loginPageURLTest -->
        <test-method signature="forgotPwd()[pri:3, instance:com.qa.opencase.base.LoginPageTest@4cc8eb05]" started-at="2024-04-01T00:23:15 EDT" name="forgotPwd" finished-at="2024-04-01T00:23:16 EDT" duration-ms="76" status="PASS">
          <reporter-output>
          </reporter-output>
        </test-method> <!-- forgotPwd -->
        <test-method signature="doLogin()[pri:4, instance:com.qa.opencase.base.LoginPageTest@4cc8eb05]" started-at="2024-04-01T00:23:16 EDT" name="doLogin" finished-at="2024-04-01T00:23:17 EDT" duration-ms="1271" status="PASS">
          <reporter-output>
          </reporter-output>
        </test-method> <!-- doLogin -->
        <test-method is-config="true" signature="tearDown()[pri:0, instance:com.qa.opencase.base.LoginPageTest@4cc8eb05]" started-at="2024-04-01T00:23:17 EDT" name="tearDown" finished-at="2024-04-01T00:23:17 EDT" duration-ms="171" status="PASS">
          <reporter-output>
          </reporter-output>
        </test-method> <!-- tearDown -->
      </class> <!-- com.qa.opencase.base.LoginPageTest -->
    </test> <!-- Default test -->
  </suite> <!-- Default suite -->
</testng-results>
